<?xml version="1.0" encoding="UTF-8"?>
<testsuite xmlns:xsi="http://www.w3.org/2001/XMLSchema-instance" xsi:noNamespaceSchemaLocation="https://maven.apache.org/surefire/maven-surefire-plugin/xsd/surefire-test-report.xsd" name="com.example.employeemanagement.EmployeeManagementApplicationTests" time="0.239" tests="10" errors="0" skipped="0" failures="0">
  <properties>
    <property name="sun.desktop" value="gnome"/>
    <property name="awt.toolkit" value="sun.awt.X11.XToolkit"/>
    <property name="java.specification.version" value="11"/>
    <property name="sun.cpu.isalist" value=""/>
    <property name="sun.jnu.encoding" value="UTF-8"/>
    <property name="java.class.path" value="/home/nati/Employee-Management-Fullstack-App/backend/target/test-classes:/home/nati/Employee-Management-Fullstack-App/backend/target/classes:/home/nati/.m2/repository/org/springframework/boot/spring-boot-starter-web/2.7.5/spring-boot-starter-web-2.7.5.jar:/home/nati/.m2/repository/org/springframework/boot/spring-boot-starter/2.7.5/spring-boot-starter-2.7.5.jar:/home/nati/.m2/repository/org/springframework/boot/spring-boot-starter-logging/2.7.5/spring-boot-starter-logging-2.7.5.jar:/home/nati/.m2/repository/ch/qos/logback/logback-classic/1.2.11/logback-classic-1.2.11.jar:/home/nati/.m2/repository/ch/qos/logback/logback-core/1.2.11/logback-core-1.2.11.jar:/home/nati/.m2/repository/org/apache/logging/log4j/log4j-to-slf4j/2.17.2/log4j-to-slf4j-2.17.2.jar:/home/nati/.m2/repository/org/apache/logging/log4j/log4j-api/2.17.2/log4j-api-2.17.2.jar:/home/nati/.m2/repository/org/slf4j/jul-to-slf4j/1.7.36/jul-to-slf4j-1.7.36.jar:/home/nati/.m2/repository/jakarta/annotation/jakarta.annotation-api/1.3.5/jakarta.annotation-api-1.3.5.jar:/home/nati/.m2/repository/org/yaml/snakeyaml/1.30/snakeyaml-1.30.jar:/home/nati/.m2/repository/org/springframework/boot/spring-boot-starter-json/2.7.5/spring-boot-starter-json-2.7.5.jar:/home/nati/.m2/repository/com/fasterxml/jackson/datatype/jackson-datatype-jdk8/2.13.4/jackson-datatype-jdk8-2.13.4.jar:/home/nati/.m2/repository/com/fasterxml/jackson/datatype/jackson-datatype-jsr310/2.13.4/jackson-datatype-jsr310-2.13.4.jar:/home/nati/.m2/repository/com/fasterxml/jackson/module/jackson-module-parameter-names/2.13.4/jackson-module-parameter-names-2.13.4.jar:/home/nati/.m2/repository/org/springframework/boot/spring-boot-starter-tomcat/2.7.5/spring-boot-starter-tomcat-2.7.5.jar:/home/nati/.m2/repository/org/apache/tomcat/embed/tomcat-embed-core/9.0.68/tomcat-embed-core-9.0.68.jar:/home/nati/.m2/repository/org/apache/tomcat/embed/tomcat-embed-el/9.0.68/tomcat-embed-el-9.0.68.jar:/home/nati/.m2/repository/org/apache/tomcat/embed/tomcat-embed-websocket/9.0.68/tomcat-embed-websocket-9.0.68.jar:/home/nati/.m2/repository/org/springframework/spring-web/5.3.23/spring-web-5.3.23.jar:/home/nati/.m2/repository/org/springframework/spring-beans/5.3.23/spring-beans-5.3.23.jar:/home/nati/.m2/repository/org/springframework/spring-webmvc/5.3.23/spring-webmvc-5.3.23.jar:/home/nati/.m2/repository/org/springframework/spring-context/5.3.23/spring-context-5.3.23.jar:/home/nati/.m2/repository/org/springframework/spring-expression/5.3.23/spring-expression-5.3.23.jar:/home/nati/.m2/repository/org/springframework/boot/spring-boot-starter-data-jpa/2.7.5/spring-boot-starter-data-jpa-2.7.5.jar:/home/nati/.m2/repository/org/springframework/boot/spring-boot-starter-aop/2.7.5/spring-boot-starter-aop-2.7.5.jar:/home/nati/.m2/repository/org/aspectj/aspectjweaver/1.9.7/aspectjweaver-1.9.7.jar:/home/nati/.m2/repository/org/springframework/boot/spring-boot-starter-jdbc/2.7.5/spring-boot-starter-jdbc-2.7.5.jar:/home/nati/.m2/repository/com/zaxxer/HikariCP/4.0.3/HikariCP-4.0.3.jar:/home/nati/.m2/repository/org/springframework/spring-jdbc/5.3.23/spring-jdbc-5.3.23.jar:/home/nati/.m2/repository/jakarta/transaction/jakarta.transaction-api/1.3.3/jakarta.transaction-api-1.3.3.jar:/home/nati/.m2/repository/jakarta/persistence/jakarta.persistence-api/2.2.3/jakarta.persistence-api-2.2.3.jar:/home/nati/.m2/repository/org/hibernate/hibernate-core/5.6.12.Final/hibernate-core-5.6.12.Final.jar:/home/nati/.m2/repository/org/jboss/logging/jboss-logging/3.4.3.Final/jboss-logging-3.4.3.Final.jar:/home/nati/.m2/repository/net/bytebuddy/byte-buddy/1.12.18/byte-buddy-1.12.18.jar:/home/nati/.m2/repository/antlr/antlr/2.7.7/antlr-2.7.7.jar:/home/nati/.m2/repository/org/jboss/jandex/2.4.2.Final/jandex-2.4.2.Final.jar:/home/nati/.m2/repository/com/fasterxml/classmate/1.5.1/classmate-1.5.1.jar:/home/nati/.m2/repository/org/hibernate/common/hibernate-commons-annotations/5.1.2.Final/hibernate-commons-annotations-5.1.2.Final.jar:/home/nati/.m2/repository/org/glassfish/jaxb/jaxb-runtime/2.3.7/jaxb-runtime-2.3.7.jar:/home/nati/.m2/repository/org/glassfish/jaxb/txw2/2.3.7/txw2-2.3.7.jar:/home/nati/.m2/repository/com/sun/istack/istack-commons-runtime/3.0.12/istack-commons-runtime-3.0.12.jar:/home/nati/.m2/repository/com/sun/activation/jakarta.activation/1.2.2/jakarta.activation-1.2.2.jar:/home/nati/.m2/repository/org/springframework/data/spring-data-jpa/2.7.5/spring-data-jpa-2.7.5.jar:/home/nati/.m2/repository/org/springframework/data/spring-data-commons/2.7.5/spring-data-commons-2.7.5.jar:/home/nati/.m2/repository/org/springframework/spring-orm/5.3.23/spring-orm-5.3.23.jar:/home/nati/.m2/repository/org/springframework/spring-tx/5.3.23/spring-tx-5.3.23.jar:/home/nati/.m2/repository/org/slf4j/slf4j-api/1.7.36/slf4j-api-1.7.36.jar:/home/nati/.m2/repository/org/springframework/spring-aspects/5.3.23/spring-aspects-5.3.23.jar:/home/nati/.m2/repository/org/springframework/boot/spring-boot-starter-data-mongodb/2.7.5/spring-boot-starter-data-mongodb-2.7.5.jar:/home/nati/.m2/repository/org/springframework/data/spring-data-mongodb/3.4.5/spring-data-mongodb-3.4.5.jar:/home/nati/.m2/repository/com/mysql/mysql-connector-j/8.0.33/mysql-connector-j-8.0.33.jar:/home/nati/.m2/repository/org/projectlombok/lombok/1.18.30/lombok-1.18.30.jar:/home/nati/.m2/repository/org/springframework/boot/spring-boot-starter-security/2.7.5/spring-boot-starter-security-2.7.5.jar:/home/nati/.m2/repository/org/springframework/spring-aop/5.3.23/spring-aop-5.3.23.jar:/home/nati/.m2/repository/org/springframework/security/spring-security-config/5.7.4/spring-security-config-5.7.4.jar:/home/nati/.m2/repository/org/springframework/security/spring-security-core/5.7.4/spring-security-core-5.7.4.jar:/home/nati/.m2/repository/org/springframework/security/spring-security-web/5.7.4/spring-security-web-5.7.4.jar:/home/nati/.m2/repository/io/jsonwebtoken/jjwt/0.9.1/jjwt-0.9.1.jar:/home/nati/.m2/repository/com/fasterxml/jackson/core/jackson-databind/2.13.4.2/jackson-databind-2.13.4.2.jar:/home/nati/.m2/repository/com/fasterxml/jackson/core/jackson-annotations/2.13.4/jackson-annotations-2.13.4.jar:/home/nati/.m2/repository/com/fasterxml/jackson/core/jackson-core/2.13.4/jackson-core-2.13.4.jar:/home/nati/.m2/repository/org/springframework/boot/spring-boot-starter-test/2.7.5/spring-boot-starter-test-2.7.5.jar:/home/nati/.m2/repository/org/springframework/boot/spring-boot-test/2.7.5/spring-boot-test-2.7.5.jar:/home/nati/.m2/repository/org/springframework/boot/spring-boot-test-autoconfigure/2.7.5/spring-boot-test-autoconfigure-2.7.5.jar:/home/nati/.m2/repository/com/jayway/jsonpath/json-path/2.7.0/json-path-2.7.0.jar:/home/nati/.m2/repository/net/minidev/json-smart/2.4.8/json-smart-2.4.8.jar:/home/nati/.m2/repository/net/minidev/accessors-smart/2.4.8/accessors-smart-2.4.8.jar:/home/nati/.m2/repository/org/ow2/asm/asm/9.1/asm-9.1.jar:/home/nati/.m2/repository/jakarta/xml/bind/jakarta.xml.bind-api/2.3.3/jakarta.xml.bind-api-2.3.3.jar:/home/nati/.m2/repository/jakarta/activation/jakarta.activation-api/1.2.2/jakarta.activation-api-1.2.2.jar:/home/nati/.m2/repository/org/assertj/assertj-core/3.22.0/assertj-core-3.22.0.jar:/home/nati/.m2/repository/org/hamcrest/hamcrest/2.2/hamcrest-2.2.jar:/home/nati/.m2/repository/org/junit/jupiter/junit-jupiter/5.8.2/junit-jupiter-5.8.2.jar:/home/nati/.m2/repository/org/junit/jupiter/junit-jupiter-api/5.8.2/junit-jupiter-api-5.8.2.jar:/home/nati/.m2/repository/org/opentest4j/opentest4j/1.2.0/opentest4j-1.2.0.jar:/home/nati/.m2/repository/org/junit/platform/junit-platform-commons/1.8.2/junit-platform-commons-1.8.2.jar:/home/nati/.m2/repository/org/apiguardian/apiguardian-api/1.1.2/apiguardian-api-1.1.2.jar:/home/nati/.m2/repository/org/junit/jupiter/junit-jupiter-params/5.8.2/junit-jupiter-params-5.8.2.jar:/home/nati/.m2/repository/org/junit/jupiter/junit-jupiter-engine/5.8.2/junit-jupiter-engine-5.8.2.jar:/home/nati/.m2/repository/org/junit/platform/junit-platform-engine/1.8.2/junit-platform-engine-1.8.2.jar:/home/nati/.m2/repository/org/mockito/mockito-core/4.5.1/mockito-core-4.5.1.jar:/home/nati/.m2/repository/net/bytebuddy/byte-buddy-agent/1.12.18/byte-buddy-agent-1.12.18.jar:/home/nati/.m2/repository/org/objenesis/objenesis/3.2/objenesis-3.2.jar:/home/nati/.m2/repository/org/mockito/mockito-junit-jupiter/4.5.1/mockito-junit-jupiter-4.5.1.jar:/home/nati/.m2/repository/org/skyscreamer/jsonassert/1.5.1/jsonassert-1.5.1.jar:/home/nati/.m2/repository/com/vaadin/external/google/android-json/0.0.20131108.vaadin1/android-json-0.0.20131108.vaadin1.jar:/home/nati/.m2/repository/org/springframework/spring-core/5.3.23/spring-core-5.3.23.jar:/home/nati/.m2/repository/org/springframework/spring-jcl/5.3.23/spring-jcl-5.3.23.jar:/home/nati/.m2/repository/org/springframework/spring-test/5.3.23/spring-test-5.3.23.jar:/home/nati/.m2/repository/org/xmlunit/xmlunit-core/2.9.0/xmlunit-core-2.9.0.jar:/home/nati/.m2/repository/com/github/javafaker/javafaker/1.0.2/javafaker-1.0.2.jar:/home/nati/.m2/repository/org/apache/commons/commons-lang3/3.12.0/commons-lang3-3.12.0.jar:/home/nati/.m2/repository/org/yaml/snakeyaml/1.23/snakeyaml-1.23-android.jar:/home/nati/.m2/repository/com/github/mifmif/generex/1.0.2/generex-1.0.2.jar:/home/nati/.m2/repository/dk/brics/automaton/automaton/1.11-8/automaton-1.11-8.jar:/home/nati/.m2/repository/org/springdoc/springdoc-openapi-ui/1.7.0/springdoc-openapi-ui-1.7.0.jar:/home/nati/.m2/repository/org/springdoc/springdoc-openapi-webmvc-core/1.7.0/springdoc-openapi-webmvc-core-1.7.0.jar:/home/nati/.m2/repository/org/springdoc/springdoc-openapi-common/1.7.0/springdoc-openapi-common-1.7.0.jar:/home/nati/.m2/repository/io/swagger/core/v3/swagger-core/2.2.9/swagger-core-2.2.9.jar:/home/nati/.m2/repository/com/fasterxml/jackson/dataformat/jackson-dataformat-yaml/2.13.4/jackson-dataformat-yaml-2.13.4.jar:/home/nati/.m2/repository/io/swagger/core/v3/swagger-annotations/2.2.9/swagger-annotations-2.2.9.jar:/home/nati/.m2/repository/io/swagger/core/v3/swagger-models/2.2.9/swagger-models-2.2.9.jar:/home/nati/.m2/repository/jakarta/validation/jakarta.validation-api/2.0.2/jakarta.validation-api-2.0.2.jar:/home/nati/.m2/repository/org/webjars/swagger-ui/4.18.2/swagger-ui-4.18.2.jar:/home/nati/.m2/repository/org/springframework/boot/spring-boot-devtools/2.7.5/spring-boot-devtools-2.7.5.jar:/home/nati/.m2/repository/org/springframework/boot/spring-boot/2.7.5/spring-boot-2.7.5.jar:/home/nati/.m2/repository/org/springframework/boot/spring-boot-autoconfigure/2.7.5/spring-boot-autoconfigure-2.7.5.jar:/home/nati/.m2/repository/org/mongodb/mongodb-driver-sync/4.6.1/mongodb-driver-sync-4.6.1.jar:/home/nati/.m2/repository/org/mongodb/bson/4.6.1/bson-4.6.1.jar:/home/nati/.m2/repository/org/mongodb/mongodb-driver-core/4.6.1/mongodb-driver-core-4.6.1.jar:/home/nati/.m2/repository/org/mongodb/bson-record-codec/4.6.1/bson-record-codec-4.6.1.jar:/home/nati/.m2/repository/org/springframework/security/spring-security-crypto/5.7.4/spring-security-crypto-5.7.4.jar:/home/nati/.m2/repository/com/h2database/h2/2.1.214/h2-2.1.214.jar:"/>
    <property name="java.vm.vendor" value="Ubuntu"/>
    <property name="sun.arch.data.model" value="64"/>
    <property name="java.vendor.url" value="https://ubuntu.com/"/>
    <property name="user.timezone" value=""/>
    <property name="java.vm.specification.version" value="11"/>
    <property name="os.name" value="Linux"/>
    <property name="sun.java.launcher" value="SUN_STANDARD"/>
    <property name="user.country" value="AU"/>
    <property name="sun.boot.library.path" value="/usr/lib/jvm/java-11-openjdk-amd64/lib"/>
    <property name="sun.java.command" value="/home/nati/Employee-Management-Fullstack-App/backend/target/surefire/surefirebooter14512949779648567417.jar /home/nati/Employee-Management-Fullstack-App/backend/target/surefire 2025-09-09T17-55-48_251-jvmRun1 surefire14019232126215691789tmp surefire_08844373983143362702tmp"/>
    <property name="jdk.debug" value="release"/>
    <property name="surefire.test.class.path" value="/home/nati/Employee-Management-Fullstack-App/backend/target/test-classes:/home/nati/Employee-Management-Fullstack-App/backend/target/classes:/home/nati/.m2/repository/org/springframework/boot/spring-boot-starter-web/2.7.5/spring-boot-starter-web-2.7.5.jar:/home/nati/.m2/repository/org/springframework/boot/spring-boot-starter/2.7.5/spring-boot-starter-2.7.5.jar:/home/nati/.m2/repository/org/springframework/boot/spring-boot-starter-logging/2.7.5/spring-boot-starter-logging-2.7.5.jar:/home/nati/.m2/repository/ch/qos/logback/logback-classic/1.2.11/logback-classic-1.2.11.jar:/home/nati/.m2/repository/ch/qos/logback/logback-core/1.2.11/logback-core-1.2.11.jar:/home/nati/.m2/repository/org/apache/logging/log4j/log4j-to-slf4j/2.17.2/log4j-to-slf4j-2.17.2.jar:/home/nati/.m2/repository/org/apache/logging/log4j/log4j-api/2.17.2/log4j-api-2.17.2.jar:/home/nati/.m2/repository/org/slf4j/jul-to-slf4j/1.7.36/jul-to-slf4j-1.7.36.jar:/home/nati/.m2/repository/jakarta/annotation/jakarta.annotation-api/1.3.5/jakarta.annotation-api-1.3.5.jar:/home/nati/.m2/repository/org/yaml/snakeyaml/1.30/snakeyaml-1.30.jar:/home/nati/.m2/repository/org/springframework/boot/spring-boot-starter-json/2.7.5/spring-boot-starter-json-2.7.5.jar:/home/nati/.m2/repository/com/fasterxml/jackson/datatype/jackson-datatype-jdk8/2.13.4/jackson-datatype-jdk8-2.13.4.jar:/home/nati/.m2/repository/com/fasterxml/jackson/datatype/jackson-datatype-jsr310/2.13.4/jackson-datatype-jsr310-2.13.4.jar:/home/nati/.m2/repository/com/fasterxml/jackson/module/jackson-module-parameter-names/2.13.4/jackson-module-parameter-names-2.13.4.jar:/home/nati/.m2/repository/org/springframework/boot/spring-boot-starter-tomcat/2.7.5/spring-boot-starter-tomcat-2.7.5.jar:/home/nati/.m2/repository/org/apache/tomcat/embed/tomcat-embed-core/9.0.68/tomcat-embed-core-9.0.68.jar:/home/nati/.m2/repository/org/apache/tomcat/embed/tomcat-embed-el/9.0.68/tomcat-embed-el-9.0.68.jar:/home/nati/.m2/repository/org/apache/tomcat/embed/tomcat-embed-websocket/9.0.68/tomcat-embed-websocket-9.0.68.jar:/home/nati/.m2/repository/org/springframework/spring-web/5.3.23/spring-web-5.3.23.jar:/home/nati/.m2/repository/org/springframework/spring-beans/5.3.23/spring-beans-5.3.23.jar:/home/nati/.m2/repository/org/springframework/spring-webmvc/5.3.23/spring-webmvc-5.3.23.jar:/home/nati/.m2/repository/org/springframework/spring-context/5.3.23/spring-context-5.3.23.jar:/home/nati/.m2/repository/org/springframework/spring-expression/5.3.23/spring-expression-5.3.23.jar:/home/nati/.m2/repository/org/springframework/boot/spring-boot-starter-data-jpa/2.7.5/spring-boot-starter-data-jpa-2.7.5.jar:/home/nati/.m2/repository/org/springframework/boot/spring-boot-starter-aop/2.7.5/spring-boot-starter-aop-2.7.5.jar:/home/nati/.m2/repository/org/aspectj/aspectjweaver/1.9.7/aspectjweaver-1.9.7.jar:/home/nati/.m2/repository/org/springframework/boot/spring-boot-starter-jdbc/2.7.5/spring-boot-starter-jdbc-2.7.5.jar:/home/nati/.m2/repository/com/zaxxer/HikariCP/4.0.3/HikariCP-4.0.3.jar:/home/nati/.m2/repository/org/springframework/spring-jdbc/5.3.23/spring-jdbc-5.3.23.jar:/home/nati/.m2/repository/jakarta/transaction/jakarta.transaction-api/1.3.3/jakarta.transaction-api-1.3.3.jar:/home/nati/.m2/repository/jakarta/persistence/jakarta.persistence-api/2.2.3/jakarta.persistence-api-2.2.3.jar:/home/nati/.m2/repository/org/hibernate/hibernate-core/5.6.12.Final/hibernate-core-5.6.12.Final.jar:/home/nati/.m2/repository/org/jboss/logging/jboss-logging/3.4.3.Final/jboss-logging-3.4.3.Final.jar:/home/nati/.m2/repository/net/bytebuddy/byte-buddy/1.12.18/byte-buddy-1.12.18.jar:/home/nati/.m2/repository/antlr/antlr/2.7.7/antlr-2.7.7.jar:/home/nati/.m2/repository/org/jboss/jandex/2.4.2.Final/jandex-2.4.2.Final.jar:/home/nati/.m2/repository/com/fasterxml/classmate/1.5.1/classmate-1.5.1.jar:/home/nati/.m2/repository/org/hibernate/common/hibernate-commons-annotations/5.1.2.Final/hibernate-commons-annotations-5.1.2.Final.jar:/home/nati/.m2/repository/org/glassfish/jaxb/jaxb-runtime/2.3.7/jaxb-runtime-2.3.7.jar:/home/nati/.m2/repository/org/glassfish/jaxb/txw2/2.3.7/txw2-2.3.7.jar:/home/nati/.m2/repository/com/sun/istack/istack-commons-runtime/3.0.12/istack-commons-runtime-3.0.12.jar:/home/nati/.m2/repository/com/sun/activation/jakarta.activation/1.2.2/jakarta.activation-1.2.2.jar:/home/nati/.m2/repository/org/springframework/data/spring-data-jpa/2.7.5/spring-data-jpa-2.7.5.jar:/home/nati/.m2/repository/org/springframework/data/spring-data-commons/2.7.5/spring-data-commons-2.7.5.jar:/home/nati/.m2/repository/org/springframework/spring-orm/5.3.23/spring-orm-5.3.23.jar:/home/nati/.m2/repository/org/springframework/spring-tx/5.3.23/spring-tx-5.3.23.jar:/home/nati/.m2/repository/org/slf4j/slf4j-api/1.7.36/slf4j-api-1.7.36.jar:/home/nati/.m2/repository/org/springframework/spring-aspects/5.3.23/spring-aspects-5.3.23.jar:/home/nati/.m2/repository/org/springframework/boot/spring-boot-starter-data-mongodb/2.7.5/spring-boot-starter-data-mongodb-2.7.5.jar:/home/nati/.m2/repository/org/springframework/data/spring-data-mongodb/3.4.5/spring-data-mongodb-3.4.5.jar:/home/nati/.m2/repository/com/mysql/mysql-connector-j/8.0.33/mysql-connector-j-8.0.33.jar:/home/nati/.m2/repository/org/projectlombok/lombok/1.18.30/lombok-1.18.30.jar:/home/nati/.m2/repository/org/springframework/boot/spring-boot-starter-security/2.7.5/spring-boot-starter-security-2.7.5.jar:/home/nati/.m2/repository/org/springframework/spring-aop/5.3.23/spring-aop-5.3.23.jar:/home/nati/.m2/repository/org/springframework/security/spring-security-config/5.7.4/spring-security-config-5.7.4.jar:/home/nati/.m2/repository/org/springframework/security/spring-security-core/5.7.4/spring-security-core-5.7.4.jar:/home/nati/.m2/repository/org/springframework/security/spring-security-web/5.7.4/spring-security-web-5.7.4.jar:/home/nati/.m2/repository/io/jsonwebtoken/jjwt/0.9.1/jjwt-0.9.1.jar:/home/nati/.m2/repository/com/fasterxml/jackson/core/jackson-databind/2.13.4.2/jackson-databind-2.13.4.2.jar:/home/nati/.m2/repository/com/fasterxml/jackson/core/jackson-annotations/2.13.4/jackson-annotations-2.13.4.jar:/home/nati/.m2/repository/com/fasterxml/jackson/core/jackson-core/2.13.4/jackson-core-2.13.4.jar:/home/nati/.m2/repository/org/springframework/boot/spring-boot-starter-test/2.7.5/spring-boot-starter-test-2.7.5.jar:/home/nati/.m2/repository/org/springframework/boot/spring-boot-test/2.7.5/spring-boot-test-2.7.5.jar:/home/nati/.m2/repository/org/springframework/boot/spring-boot-test-autoconfigure/2.7.5/spring-boot-test-autoconfigure-2.7.5.jar:/home/nati/.m2/repository/com/jayway/jsonpath/json-path/2.7.0/json-path-2.7.0.jar:/home/nati/.m2/repository/net/minidev/json-smart/2.4.8/json-smart-2.4.8.jar:/home/nati/.m2/repository/net/minidev/accessors-smart/2.4.8/accessors-smart-2.4.8.jar:/home/nati/.m2/repository/org/ow2/asm/asm/9.1/asm-9.1.jar:/home/nati/.m2/repository/jakarta/xml/bind/jakarta.xml.bind-api/2.3.3/jakarta.xml.bind-api-2.3.3.jar:/home/nati/.m2/repository/jakarta/activation/jakarta.activation-api/1.2.2/jakarta.activation-api-1.2.2.jar:/home/nati/.m2/repository/org/assertj/assertj-core/3.22.0/assertj-core-3.22.0.jar:/home/nati/.m2/repository/org/hamcrest/hamcrest/2.2/hamcrest-2.2.jar:/home/nati/.m2/repository/org/junit/jupiter/junit-jupiter/5.8.2/junit-jupiter-5.8.2.jar:/home/nati/.m2/repository/org/junit/jupiter/junit-jupiter-api/5.8.2/junit-jupiter-api-5.8.2.jar:/home/nati/.m2/repository/org/opentest4j/opentest4j/1.2.0/opentest4j-1.2.0.jar:/home/nati/.m2/repository/org/junit/platform/junit-platform-commons/1.8.2/junit-platform-commons-1.8.2.jar:/home/nati/.m2/repository/org/apiguardian/apiguardian-api/1.1.2/apiguardian-api-1.1.2.jar:/home/nati/.m2/repository/org/junit/jupiter/junit-jupiter-params/5.8.2/junit-jupiter-params-5.8.2.jar:/home/nati/.m2/repository/org/junit/jupiter/junit-jupiter-engine/5.8.2/junit-jupiter-engine-5.8.2.jar:/home/nati/.m2/repository/org/junit/platform/junit-platform-engine/1.8.2/junit-platform-engine-1.8.2.jar:/home/nati/.m2/repository/org/mockito/mockito-core/4.5.1/mockito-core-4.5.1.jar:/home/nati/.m2/repository/net/bytebuddy/byte-buddy-agent/1.12.18/byte-buddy-agent-1.12.18.jar:/home/nati/.m2/repository/org/objenesis/objenesis/3.2/objenesis-3.2.jar:/home/nati/.m2/repository/org/mockito/mockito-junit-jupiter/4.5.1/mockito-junit-jupiter-4.5.1.jar:/home/nati/.m2/repository/org/skyscreamer/jsonassert/1.5.1/jsonassert-1.5.1.jar:/home/nati/.m2/repository/com/vaadin/external/google/android-json/0.0.20131108.vaadin1/android-json-0.0.20131108.vaadin1.jar:/home/nati/.m2/repository/org/springframework/spring-core/5.3.23/spring-core-5.3.23.jar:/home/nati/.m2/repository/org/springframework/spring-jcl/5.3.23/spring-jcl-5.3.23.jar:/home/nati/.m2/repository/org/springframework/spring-test/5.3.23/spring-test-5.3.23.jar:/home/nati/.m2/repository/org/xmlunit/xmlunit-core/2.9.0/xmlunit-core-2.9.0.jar:/home/nati/.m2/repository/com/github/javafaker/javafaker/1.0.2/javafaker-1.0.2.jar:/home/nati/.m2/repository/org/apache/commons/commons-lang3/3.12.0/commons-lang3-3.12.0.jar:/home/nati/.m2/repository/org/yaml/snakeyaml/1.23/snakeyaml-1.23-android.jar:/home/nati/.m2/repository/com/github/mifmif/generex/1.0.2/generex-1.0.2.jar:/home/nati/.m2/repository/dk/brics/automaton/automaton/1.11-8/automaton-1.11-8.jar:/home/nati/.m2/repository/org/springdoc/springdoc-openapi-ui/1.7.0/springdoc-openapi-ui-1.7.0.jar:/home/nati/.m2/repository/org/springdoc/springdoc-openapi-webmvc-core/1.7.0/springdoc-openapi-webmvc-core-1.7.0.jar:/home/nati/.m2/repository/org/springdoc/springdoc-openapi-common/1.7.0/springdoc-openapi-common-1.7.0.jar:/home/nati/.m2/repository/io/swagger/core/v3/swagger-core/2.2.9/swagger-core-2.2.9.jar:/home/nati/.m2/repository/com/fasterxml/jackson/dataformat/jackson-dataformat-yaml/2.13.4/jackson-dataformat-yaml-2.13.4.jar:/home/nati/.m2/repository/io/swagger/core/v3/swagger-annotations/2.2.9/swagger-annotations-2.2.9.jar:/home/nati/.m2/repository/io/swagger/core/v3/swagger-models/2.2.9/swagger-models-2.2.9.jar:/home/nati/.m2/repository/jakarta/validation/jakarta.validation-api/2.0.2/jakarta.validation-api-2.0.2.jar:/home/nati/.m2/repository/org/webjars/swagger-ui/4.18.2/swagger-ui-4.18.2.jar:/home/nati/.m2/repository/org/springframework/boot/spring-boot-devtools/2.7.5/spring-boot-devtools-2.7.5.jar:/home/nati/.m2/repository/org/springframework/boot/spring-boot/2.7.5/spring-boot-2.7.5.jar:/home/nati/.m2/repository/org/springframework/boot/spring-boot-autoconfigure/2.7.5/spring-boot-autoconfigure-2.7.5.jar:/home/nati/.m2/repository/org/mongodb/mongodb-driver-sync/4.6.1/mongodb-driver-sync-4.6.1.jar:/home/nati/.m2/repository/org/mongodb/bson/4.6.1/bson-4.6.1.jar:/home/nati/.m2/repository/org/mongodb/mongodb-driver-core/4.6.1/mongodb-driver-core-4.6.1.jar:/home/nati/.m2/repository/org/mongodb/bson-record-codec/4.6.1/bson-record-codec-4.6.1.jar:/home/nati/.m2/repository/org/springframework/security/spring-security-crypto/5.7.4/spring-security-crypto-5.7.4.jar:/home/nati/.m2/repository/com/h2database/h2/2.1.214/h2-2.1.214.jar:"/>
    <property name="sun.cpu.endian" value="little"/>
    <property name="user.home" value="/home/nati"/>
    <property name="user.language" value="en"/>
    <property name="java.specification.vendor" value="Oracle Corporation"/>
    <property name="java.version.date" value="2025-07-15"/>
    <property name="java.home" value="/usr/lib/jvm/java-11-openjdk-amd64"/>
    <property name="file.separator" value="/"/>
    <property name="basedir" value="/home/nati/Employee-Management-Fullstack-App/backend"/>
    <property name="java.vm.compressedOopsMode" value="Zero based"/>
    <property name="line.separator" value="&#10;"/>
    <property name="java.specification.name" value="Java Platform API Specification"/>
    <property name="java.vm.specification.vendor" value="Oracle Corporation"/>
    <property name="java.awt.graphicsenv" value="sun.awt.X11GraphicsEnvironment"/>
    <property name="surefire.real.class.path" value="/home/nati/Employee-Management-Fullstack-App/backend/target/surefire/surefirebooter14512949779648567417.jar"/>
    <property name="sun.management.compiler" value="HotSpot 64-Bit Tiered Compilers"/>
    <property name="java.runtime.version" value="11.0.28+6-post-Ubuntu-1ubuntu122.04.1"/>
    <property name="user.name" value="nati"/>
    <property name="path.separator" value=":"/>
    <property name="os.version" value="6.8.0-45-generic"/>
    <property name="java.runtime.name" value="OpenJDK Runtime Environment"/>
    <property name="file.encoding" value="UTF-8"/>
    <property name="java.vm.name" value="OpenJDK 64-Bit Server VM"/>
    <property name="localRepository" value="/home/nati/.m2/repository"/>
    <property name="java.vendor.url.bug" value="https://bugs.launchpad.net/ubuntu/+source/openjdk-lts"/>
    <property name="java.io.tmpdir" value="/tmp"/>
    <property name="java.version" value="11.0.28"/>
    <property name="user.dir" value="/home/nati/Employee-Management-Fullstack-App/backend"/>
    <property name="os.arch" value="amd64"/>
    <property name="java.vm.specification.name" value="Java Virtual Machine Specification"/>
    <property name="java.awt.printerjob" value="sun.print.PSPrinterJob"/>
    <property name="sun.os.patch.level" value="unknown"/>
    <property name="java.library.path" value="/usr/java/packages/lib:/usr/lib/x86_64-linux-gnu/jni:/lib/x86_64-linux-gnu:/usr/lib/x86_64-linux-gnu:/usr/lib/jni:/lib:/usr/lib"/>
    <property name="java.vm.info" value="mixed mode, sharing"/>
    <property name="java.vendor" value="Ubuntu"/>
    <property name="java.vm.version" value="11.0.28+6-post-Ubuntu-1ubuntu122.04.1"/>
    <property name="java.specification.maintenance.version" value="3"/>
    <property name="sun.io.unicode.encoding" value="UnicodeLittle"/>
    <property name="java.class.version" value="55.0"/>
  </properties>
  <testcase name="shouldSaveDepartment" classname="com.example.employeemanagement.EmployeeManagementApplicationTests" time="0.022"/>
  <testcase name="shouldDeleteEmployee" classname="com.example.employeemanagement.EmployeeManagementApplicationTests" time="0.03"/>
  <testcase name="shouldFindEmployeesByDepartmentName" classname="com.example.employeemanagement.EmployeeManagementApplicationTests" time="0.018"/>
  <testcase name="shouldSaveEmployee" classname="com.example.employeemanagement.EmployeeManagementApplicationTests" time="0.018"/>
  <testcase name="shouldFindEmployeeById" classname="com.example.employeemanagement.EmployeeManagementApplicationTests" time="0.035"/>
  <testcase name="shouldFindEmployeesByDepartmentId" classname="com.example.employeemanagement.EmployeeManagementApplicationTests" time="0.039"/>
  <testcase name="shouldFindDepartmentById" classname="com.example.employeemanagement.EmployeeManagementApplicationTests" time="0.014"/>
  <testcase name="shouldDeleteDepartment" classname="com.example.employeemanagement.EmployeeManagementApplicationTests" time="0.013"/>
  <testcase name="shouldFindAllDepartments" classname="com.example.employeemanagement.EmployeeManagementApplicationTests" time="0.013"/>
  <testcase name="shouldUpdateDepartment" classname="com.example.employeemanagement.EmployeeManagementApplicationTests" time="0.014"/>
</testsuite>